payment: None
trip: <trip.Trip object at 0x7f2e2b11f290>
lock_end_time: 2024-05-25 21:15:59
2024-05-25 21:38:05,405 - update_processor - initialize - INFO - Initializing update processor
2024-05-25 21:38:05,488 - apscheduler.scheduler - start - INFO - Scheduler started
2024-05-25 21:38:05,488 - telegram.ext.Application - start - INFO - Application started
2024-05-25 21:38:16,413 - root - print_state - INFO - current_state: None
2024-05-25 21:38:16,414 - root - print_state - INFO - previous_State: 1
2024-05-25 21:38:16,414 - telegram_bot - print_state - INFO - payment: None
2024-05-25 21:38:16,414 - telegram_bot - print_state - INFO - trip: <trip.Trip object at 0x7ff98d71b2c0>
2024-05-25 21:38:16,414 - telegram_bot - print_state - INFO - lock_end_time: 2024-05-25 21:15:59
2024-05-25 21:38:18,954 - root - print_state - INFO - current_state: None
2024-05-25 21:38:18,955 - root - print_state - INFO - previous_State: 1
2024-05-25 21:38:18,955 - telegram_bot - print_state - INFO - payment: None
2024-05-25 21:38:18,955 - telegram_bot - print_state - INFO - trip: <trip.Trip object at 0x7ff98d71b2c0>
2024-05-25 21:38:18,955 - telegram_bot - print_state - INFO - lock_end_time: 2024-05-25 21:15:59
2024-05-25 21:38:54,626 - update_processor - initialize - INFO - Initializing update processor
2024-05-25 21:38:54,695 - apscheduler.scheduler - start - INFO - Scheduler started
2024-05-25 21:38:54,695 - telegram.ext.Application - start - INFO - Application started
2024-05-25 21:39:29,011 - root - print_state - INFO - current_state: None
2024-05-25 21:39:29,011 - root - print_state - INFO - previous_State: 1
2024-05-25 21:39:29,011 - telegram_bot - print_state - INFO - payment: None
2024-05-25 21:39:29,011 - telegram_bot - print_state - INFO - trip: <trip.Trip object at 0x7f7d3290b2f0>
2024-05-25 21:39:29,011 - telegram_bot - print_state - INFO - lock_end_time: 2024-05-25 21:15:59
2024-05-25 21:40:20,651 - __main__ - main - INFO - Initializing the bot
2024-05-25 21:40:20,853 - update_processor - initialize - INFO - Initializing update processor
2024-05-25 21:40:20,926 - apscheduler.scheduler - start - INFO - Scheduler started
2024-05-25 21:40:20,926 - telegram.ext.Application - start - INFO - Application started
2024-05-25 21:41:12,210 - root - main - INFO - Initializing the bot
2024-05-25 21:41:12,446 - update_processor - initialize - INFO - Initializing update processor
2024-05-25 21:41:12,527 - apscheduler.scheduler - start - INFO - Scheduler started
2024-05-25 21:41:12,528 - telegram.ext.Application - start - INFO - Application started
