Reserving: Jun 10, 2024 06:30:00 AM
Seat is reserved: 6c
Seat is reserved
Reserving seat for trip: Jun 10, 2024 06:30:00 AM, 6c
logger name: tasks.tasks
logger name: tasks.tasks
logger name: tasks.tasks
logger name: tasks.tasks
logger name: tasks.tasks
logger name: tasks.tasks
logger name: tasks.tasks
logger name: tasks.tasks
logger name: tasks.tasks
logger name: tasks.tasks
logger name: tasks.tasks
logger name: tasks.tasks
logger name: tasks.tasks
logger name: tasks.tasks
logger name: tasks.tasks
logger name: tasks.tasks
logger name: tasks.tasks
logger name: tasks.tasks
logger name: tasks.tasks
logger name: tasks.tasks
logger name: tasks.tasks
logger name: tasks.tasks
logger name: tasks.tasks
logger name: tasks.tasks
logger name: tasks.tasks
logger name: tasks.tasks
logger name: tasks.tasks
logger name: tasks.tasks
logger name: tasks.tasks
logger name: tasks.tasks
logger name: tasks.tasks
logger name: tasks.tasks
logger name: tasks.tasks
logger name: tasks.tasks
logger name: tasks.tasks
logger name: tasks.tasks
logger name: tasks.tasks
logger name: tasks.tasks
logger name: tasks.tasks
logger name: tasks.tasks
logger name: tasks.tasks
logger name: tasks.tasks
logger name: tasks.tasks
logger name: tasks.tasks
logger name: tasks.tasks
logger name: tasks.tasks
logger name: tasks.tasks
lock_end_time: 2024-05-31 00:51:47
logger name: tasks.tasks
logger name: tasks.tasks
logger name: tasks.tasks
logger name: tasks.tasks
logger name: tasks.tasks
